<?xml version="1.0" encoding="UTF-8"?>
<!-- Generated by org.testng.reporters.JUnitXMLReporter -->
<testsuite ignored="0" hostname="Fatoouh" failures="0" tests="4" name="Default test" time="72.441" errors="0" timestamp="2023-09-07T06:05:58 EEST">
  <testcase classname="Tests.LoginTest" name="failLoginInvalidUser" time="6.22"/>
  <testcase classname="Tests.LoginTest" name="failLoginMissingPassword" time="3.225"/>
  <testcase classname="Tests.LoginTest" name="failLoginMissingUsername" time="1.812"/>
  <testcase classname="Tests.LoginTest" name="successLogin" time="6.968"/>
</testsuite> <!-- Default test -->
