<?xml version="1.0" encoding="UTF-8"?>
<testng-results ignored="0" total="4" passed="4" failed="0" skipped="0">
  <reporter-output>
  </reporter-output>
  <suite started-at="2023-09-07T06:04:45 EEST" name="Default suite" finished-at="2023-09-07T06:05:58 EEST" duration-ms="72441">
    <groups>
    </groups>
    <test started-at="2023-09-07T06:04:45 EEST" name="Default test" finished-at="2023-09-07T06:05:58 EEST" duration-ms="72441">
      <class name="Tests.LoginTest">
        <test-method is-config="true" signature="initApp()[pri:0, instance:Tests.LoginTest@298a5e20]" started-at="2023-09-07T06:04:46 EEST" name="initApp" finished-at="2023-09-07T06:04:58 EEST" duration-ms="12573" status="PASS">
          <reporter-output>
          </reporter-output>
        </test-method> <!-- initApp -->
        <test-method signature="failLoginInvalidUser()[pri:0, instance:Tests.LoginTest@298a5e20]" started-at="2023-09-07T06:04:58 EEST" name="failLoginInvalidUser" finished-at="2023-09-07T06:05:04 EEST" duration-ms="6220" status="PASS">
          <reporter-output>
          </reporter-output>
        </test-method> <!-- failLoginInvalidUser -->
        <test-method is-config="true" signature="killApp()[pri:0, instance:Tests.LoginTest@298a5e20]" started-at="2023-09-07T06:05:04 EEST" name="killApp" finished-at="2023-09-07T06:05:07 EEST" duration-ms="2469" status="PASS">
          <reporter-output>
          </reporter-output>
        </test-method> <!-- killApp -->
        <test-method is-config="true" signature="initApp()[pri:0, instance:Tests.LoginTest@298a5e20]" started-at="2023-09-07T06:05:07 EEST" name="initApp" finished-at="2023-09-07T06:05:17 EEST" duration-ms="10577" status="PASS">
          <reporter-output>
          </reporter-output>
        </test-method> <!-- initApp -->
        <test-method signature="failLoginMissingPassword()[pri:0, instance:Tests.LoginTest@298a5e20]" started-at="2023-09-07T06:05:17 EEST" name="failLoginMissingPassword" finished-at="2023-09-07T06:05:21 EEST" duration-ms="3225" status="PASS">
          <reporter-output>
          </reporter-output>
        </test-method> <!-- failLoginMissingPassword -->
        <test-method is-config="true" signature="killApp()[pri:0, instance:Tests.LoginTest@298a5e20]" started-at="2023-09-07T06:05:21 EEST" name="killApp" finished-at="2023-09-07T06:05:23 EEST" duration-ms="2445" status="PASS">
          <reporter-output>
          </reporter-output>
        </test-method> <!-- killApp -->
        <test-method is-config="true" signature="initApp()[pri:0, instance:Tests.LoginTest@298a5e20]" started-at="2023-09-07T06:05:23 EEST" name="initApp" finished-at="2023-09-07T06:05:34 EEST" duration-ms="10536" status="PASS">
          <reporter-output>
          </reporter-output>
        </test-method> <!-- initApp -->
        <test-method signature="failLoginMissingUsername()[pri:0, instance:Tests.LoginTest@298a5e20]" started-at="2023-09-07T06:05:34 EEST" name="failLoginMissingUsername" finished-at="2023-09-07T06:05:35 EEST" duration-ms="1812" status="PASS">
          <reporter-output>
          </reporter-output>
        </test-method> <!-- failLoginMissingUsername -->
        <test-method is-config="true" signature="killApp()[pri:0, instance:Tests.LoginTest@298a5e20]" started-at="2023-09-07T06:05:35 EEST" name="killApp" finished-at="2023-09-07T06:05:38 EEST" duration-ms="2660" status="PASS">
          <reporter-output>
          </reporter-output>
        </test-method> <!-- killApp -->
        <test-method is-config="true" signature="initApp()[pri:0, instance:Tests.LoginTest@298a5e20]" started-at="2023-09-07T06:05:38 EEST" name="initApp" finished-at="2023-09-07T06:05:49 EEST" duration-ms="10452" status="PASS">
          <reporter-output>
          </reporter-output>
        </test-method> <!-- initApp -->
        <test-method signature="successLogin()[pri:0, instance:Tests.LoginTest@298a5e20]" started-at="2023-09-07T06:05:49 EEST" name="successLogin" finished-at="2023-09-07T06:05:55 EEST" duration-ms="6968" status="PASS">
          <reporter-output>
          </reporter-output>
        </test-method> <!-- successLogin -->
        <test-method is-config="true" signature="killApp()[pri:0, instance:Tests.LoginTest@298a5e20]" started-at="2023-09-07T06:05:55 EEST" name="killApp" finished-at="2023-09-07T06:05:58 EEST" duration-ms="2441" status="PASS">
          <reporter-output>
          </reporter-output>
        </test-method> <!-- killApp -->
      </class> <!-- Tests.LoginTest -->
    </test> <!-- Default test -->
  </suite> <!-- Default suite -->
</testng-results>
